<?xml version="1.0" encoding="UTF-8"?>
<TestRun id="d7a4982b-04fe-4fbc-b203-e66250151b13" name="Administrator@SWC-IBOOK-VM 2014-02-04 14:46:10" runUser="SWC-IBOOK-VM\Administrator" xmlns="http://microsoft.com/schemas/VisualStudio/TeamTest/2010">
  <TestSettings name="Default Test Settings" id="359797c0-0178-456c-8e68-4f5ed3cb06e2">
    <Deployment runDeploymentRoot="Administrator_SWC-IBOOK-VM 2014-02-04 14_46_10">
      <DeploymentItem filename="Z:\Seafile\USU\Classes\cs5200f14\Homework\InstructorSolution\BSvZP\Common\bin\Debug\Common.dll" />
    </Deployment>
    <Execution>
      <TestTypeSpecific />
      <AgentRule name="Execution Agents">
      </AgentRule>
    </Execution>
  </TestSettings>
  <Times creation="2014-02-04T14:46:10.0900000-07:00" queuing="2014-02-04T14:46:10.3610000-07:00" start="2014-02-04T14:46:10.3670000-07:00" finish="2014-02-04T14:46:10.6910000-07:00" />
  <ResultSummary outcome="Failed">
    <Counters total="1" executed="1" error="0" failed="1" timeout="0" aborted="0" inconclusive="0" passedButRunAborted="0" notRunnable="0" notExecuted="0" disconnected="0" warning="0" passed="0" completed="0" inProgress="0" pending="0" />
  </ResultSummary>
  <TestDefinitions>
    <UnitTest name="FieldLocation_Properties" storage="z:\seafile\usu\classes\cs5200f14\homework\instructorsolution\bsvzp\commontester\bin\debug\commontester.dll" id="266e5398-90c3-d2d7-e9e4-19082e4ba198">
      <Execution id="62446c9d-fe05-4989-be45-c70852e80d6a" />
      <TestMethod codeBase="Z:/Seafile/USU/Classes/cs5200f14/Homework/InstructorSolution/BSvZP/CommonTester/bin/Debug/CommonTester.DLL" adapterTypeName="Microsoft.VisualStudio.TestTools.TestTypes.Unit.UnitTestAdapter, Microsoft.VisualStudio.QualityTools.Tips.UnitTest.Adapter, Version=10.0.0.0, Culture=neutral, PublicKeyToken=b03f5f7f11d50a3a" className="CommonTester.FieldLocationTester, CommonTester, Version=1.0.0.0, Culture=neutral, PublicKeyToken=null" name="FieldLocation_Properties" />
    </UnitTest>
  </TestDefinitions>
  <TestLists>
    <TestList name="Results Not in a List" id="8c84fa94-04c1-424b-9868-57a2d4851a1d" />
    <TestList name="All Loaded Results" id="19431567-8539-422a-85d7-44ee4e166bda" />
  </TestLists>
  <TestEntries>
    <TestEntry testId="266e5398-90c3-d2d7-e9e4-19082e4ba198" executionId="62446c9d-fe05-4989-be45-c70852e80d6a" testListId="8c84fa94-04c1-424b-9868-57a2d4851a1d" />
  </TestEntries>
  <Results>
    <UnitTestResult executionId="62446c9d-fe05-4989-be45-c70852e80d6a" testId="266e5398-90c3-d2d7-e9e4-19082e4ba198" testName="FieldLocation_Properties" computerName="SWC-IBOOK-VM" duration="00:00:00.0471842" startTime="2014-02-04T14:46:10.3850000-07:00" endTime="2014-02-04T14:46:10.6320000-07:00" testType="13cdc9d9-ddb5-4fa4-a97d-d965ccfc6d4b" outcome="Failed" testListId="8c84fa94-04c1-424b-9868-57a2d4851a1d" relativeResultsDirectory="62446c9d-fe05-4989-be45-c70852e80d6a">
      <Output>
        <ErrorInfo>
          <Message>Assert.AreEqual failed. Expected:&lt;10&gt;. Actual:&lt;20&gt;. </Message>
          <StackTrace>   at CommonTester.FieldLocationTester.FieldLocation_Properties() in Z:\Seafile\USU\Classes\cs5200f14\Homework\InstructorSolution\BSvZP\CommonTester\FieldLocationTester.cs:line 104
</StackTrace>
        </ErrorInfo>
      </Output>
    </UnitTestResult>
  </Results>
</TestRun>